This file contains any messages produced by compilers while
running configure, to aid debugging if configure makes a mistake.

It was created by library configure 1.0, which was
generated by GNU Autoconf 2.67.  Invocation command line was

  $ ./configure 

## --------- ##
## Platform. ##
## --------- ##

hostname = raspberrypi
uname -m = aarch64
uname -r = 6.1.21-v8+
uname -s = Linux
uname -v = #1642 SMP PREEMPT Mon Apr  3 17:24:16 BST 2023

/usr/bin/uname -p = unknown
/bin/uname -X     = unknown

/bin/arch              = aarch64
/usr/bin/arch -k       = unknown
/usr/convex/getsysinfo = unknown
/usr/bin/hostinfo      = unknown
/bin/machine           = unknown
/usr/bin/oslevel       = unknown
/bin/universe          = unknown

PATH: /usr/local/sbin
PATH: /usr/local/bin
PATH: /usr/sbin
PATH: /usr/bin
PATH: /sbin
PATH: /bin
PATH: /usr/local/games
PATH: /usr/games


## ----------- ##
## Core tests. ##
## ----------- ##

configure:2816: checking for a BSD-compatible install
configure:2884: result: /usr/bin/install -c
configure:2895: checking whether build environment is sane
configure:2945: result: yes
configure:3086: checking for a thread-safe mkdir -p
configure:3125: result: /usr/bin/mkdir -p
configure:3138: checking for gawk
configure:3168: result: no
configure:3138: checking for mawk
configure:3154: found /usr/bin/mawk
configure:3165: result: mawk
configure:3176: checking whether make sets $(MAKE)
configure:3198: result: yes
configure:3343: checking for g++
configure:3359: found /usr/bin/g++
configure:3370: result: g++
configure:3397: checking for C++ compiler version
configure:3406: g++ --version >&5
g++ (Debian 10.2.1-6) 10.2.1 20210110
Copyright (C) 2020 Free Software Foundation, Inc.
This is free software; see the source for copying conditions.  There is NO
warranty; not even for MERCHANTABILITY or FITNESS FOR A PARTICULAR PURPOSE.

configure:3417: $? = 0
configure:3406: g++ -v >&5
Using built-in specs.
COLLECT_GCC=g++
COLLECT_LTO_WRAPPER=/usr/lib/gcc/aarch64-linux-gnu/10/lto-wrapper
Target: aarch64-linux-gnu
Configured with: ../src/configure -v --with-pkgversion='Debian 10.2.1-6' --with-bugurl=file:///usr/share/doc/gcc-10/README.Bugs --enable-languages=c,ada,c++,go,d,fortran,objc,obj-c++,m2 --prefix=/usr --with-gcc-major-version-only --program-suffix=-10 --program-prefix=aarch64-linux-gnu- --enable-shared --enable-linker-build-id --libexecdir=/usr/lib --without-included-gettext --enable-threads=posix --libdir=/usr/lib --enable-nls --enable-bootstrap --enable-clocale=gnu --enable-libstdcxx-debug --enable-libstdcxx-time=yes --with-default-libstdcxx-abi=new --enable-gnu-unique-object --disable-libquadmath --disable-libquadmath-support --enable-plugin --enable-default-pie --with-system-zlib --enable-libphobos-checking=release --with-target-system-zlib=auto --enable-objc-gc=auto --enable-multiarch --enable-fix-cortex-a53-843419 --disable-werror --enable-checking=release --build=aarch64-linux-gnu --host=aarch64-linux-gnu --target=aarch64-linux-gnu --with-build-config=bootstrap-lto-lean --enable-link-mutex
Thread model: posix
Supported LTO compression algorithms: zlib zstd
gcc version 10.2.1 20210110 (Debian 10.2.1-6) 
configure:3417: $? = 0
configure:3406: g++ -V >&5
g++: error: unrecognized command-line option '-V'
g++: fatal error: no input files
compilation terminated.
configure:3417: $? = 1
configure:3406: g++ -qversion >&5
g++: error: unrecognized command-line option '-qversion'; did you mean '--version'?
g++: fatal error: no input files
compilation terminated.
configure:3417: $? = 1
configure:3437: checking whether the C++ compiler works
configure:3459: g++    conftest.cpp  >&5
configure:3463: $? = 0
configure:3511: result: yes
configure:3514: checking for C++ compiler default output file name
configure:3516: result: a.out
configure:3522: checking for suffix of executables
configure:3529: g++ -o conftest    conftest.cpp  >&5
configure:3533: $? = 0
configure:3555: result: 
configure:3577: checking whether we are cross compiling
configure:3585: g++ -o conftest    conftest.cpp  >&5
configure:3589: $? = 0
configure:3596: ./conftest
configure:3600: $? = 0
configure:3615: result: no
configure:3620: checking for suffix of object files
configure:3642: g++ -c   conftest.cpp >&5
configure:3646: $? = 0
configure:3667: result: o
configure:3671: checking whether we are using the GNU C++ compiler
configure:3690: g++ -c   conftest.cpp >&5
configure:3690: $? = 0
configure:3699: result: yes
configure:3708: checking whether g++ accepts -g
configure:3728: g++ -c -g  conftest.cpp >&5
configure:3728: $? = 0
configure:3769: result: yes
configure:3803: checking for style of include used by make
configure:3831: result: GNU
configure:3856: checking dependency style of g++
configure:3966: result: gcc3
configure:4035: checking for gcc
configure:4051: found /usr/bin/gcc
configure:4062: result: gcc
configure:4093: checking for C compiler version
configure:4102: gcc --version >&5
gcc (Debian 10.2.1-6) 10.2.1 20210110
Copyright (C) 2020 Free Software Foundation, Inc.
This is free software; see the source for copying conditions.  There is NO
warranty; not even for MERCHANTABILITY or FITNESS FOR A PARTICULAR PURPOSE.

configure:4113: $? = 0
configure:4102: gcc -v >&5
Using built-in specs.
COLLECT_GCC=gcc
COLLECT_LTO_WRAPPER=/usr/lib/gcc/aarch64-linux-gnu/10/lto-wrapper
Target: aarch64-linux-gnu
Configured with: ../src/configure -v --with-pkgversion='Debian 10.2.1-6' --with-bugurl=file:///usr/share/doc/gcc-10/README.Bugs --enable-languages=c,ada,c++,go,d,fortran,objc,obj-c++,m2 --prefix=/usr --with-gcc-major-version-only --program-suffix=-10 --program-prefix=aarch64-linux-gnu- --enable-shared --enable-linker-build-id --libexecdir=/usr/lib --without-included-gettext --enable-threads=posix --libdir=/usr/lib --enable-nls --enable-bootstrap --enable-clocale=gnu --enable-libstdcxx-debug --enable-libstdcxx-time=yes --with-default-libstdcxx-abi=new --enable-gnu-unique-object --disable-libquadmath --disable-libquadmath-support --enable-plugin --enable-default-pie --with-system-zlib --enable-libphobos-checking=release --with-target-system-zlib=auto --enable-objc-gc=auto --enable-multiarch --enable-fix-cortex-a53-843419 --disable-werror --enable-checking=release --build=aarch64-linux-gnu --host=aarch64-linux-gnu --target=aarch64-linux-gnu --with-build-config=bootstrap-lto-lean --enable-link-mutex
Thread model: posix
Supported LTO compression algorithms: zlib zstd
gcc version 10.2.1 20210110 (Debian 10.2.1-6) 
configure:4113: $? = 0
configure:4102: gcc -V >&5
gcc: error: unrecognized command-line option '-V'
gcc: fatal error: no input files
compilation terminated.
configure:4113: $? = 1
configure:4102: gcc -qversion >&5
gcc: error: unrecognized command-line option '-qversion'; did you mean '--version'?
gcc: fatal error: no input files
compilation terminated.
configure:4113: $? = 1
configure:4117: checking whether we are using the GNU C compiler
configure:4136: gcc -c   conftest.c >&5
configure:4136: $? = 0
configure:4145: result: yes
configure:4154: checking whether gcc accepts -g
configure:4174: gcc -c -g  conftest.c >&5
configure:4174: $? = 0
configure:4215: result: yes
configure:4232: checking for gcc option to accept ISO C89
configure:4296: gcc  -c -g -O2  conftest.c >&5
configure:4296: $? = 0
configure:4309: result: none needed
configure:4331: checking dependency style of gcc
configure:4441: result: gcc3
configure:4456: checking whether make sets $(MAKE)
configure:4478: result: yes
configure:4492: checking how to run the C preprocessor
configure:4523: gcc -E  conftest.c
configure:4523: $? = 0
configure:4537: gcc -E  conftest.c
conftest.c:11:10: fatal error: ac_nonexistent.h: No such file or directory
   11 | #include <ac_nonexistent.h>
      |          ^~~~~~~~~~~~~~~~~~
compilation terminated.
configure:4537: $? = 1
configure: failed program was:
| /* confdefs.h */
| #define PACKAGE_NAME "library"
| #define PACKAGE_TARNAME "library"
| #define PACKAGE_VERSION "1.0"
| #define PACKAGE_STRING "library 1.0"
| #define PACKAGE_BUGREPORT "support@itibia.com"
| #define PACKAGE_URL ""
| #define PACKAGE "library"
| #define VERSION "1.0"
| /* end confdefs.h.  */
| #include <ac_nonexistent.h>
configure:4562: result: gcc -E
configure:4582: gcc -E  conftest.c
configure:4582: $? = 0
configure:4596: gcc -E  conftest.c
conftest.c:11:10: fatal error: ac_nonexistent.h: No such file or directory
   11 | #include <ac_nonexistent.h>
      |          ^~~~~~~~~~~~~~~~~~
compilation terminated.
configure:4596: $? = 1
configure: failed program was:
| /* confdefs.h */
| #define PACKAGE_NAME "library"
| #define PACKAGE_TARNAME "library"
| #define PACKAGE_VERSION "1.0"
| #define PACKAGE_STRING "library 1.0"
| #define PACKAGE_BUGREPORT "support@itibia.com"
| #define PACKAGE_URL ""
| #define PACKAGE "library"
| #define VERSION "1.0"
| /* end confdefs.h.  */
| #include <ac_nonexistent.h>
configure:4700: checking build system type
configure:4709: error: cannot guess build type; you must specify one

## ---------------- ##
## Cache variables. ##
## ---------------- ##

ac_cv_c_compiler_gnu=yes
ac_cv_cxx_compiler_gnu=yes
ac_cv_env_CCC_set=
ac_cv_env_CCC_value=
ac_cv_env_CC_set=
ac_cv_env_CC_value=
ac_cv_env_CFLAGS_set=
ac_cv_env_CFLAGS_value=
ac_cv_env_CPPFLAGS_set=
ac_cv_env_CPPFLAGS_value=
ac_cv_env_CPP_set=
ac_cv_env_CPP_value=
ac_cv_env_CXXCPP_set=
ac_cv_env_CXXCPP_value=
ac_cv_env_CXXFLAGS_set=
ac_cv_env_CXXFLAGS_value=
ac_cv_env_CXX_set=
ac_cv_env_CXX_value=
ac_cv_env_F77_set=
ac_cv_env_F77_value=
ac_cv_env_FFLAGS_set=
ac_cv_env_FFLAGS_value=
ac_cv_env_LDFLAGS_set=
ac_cv_env_LDFLAGS_value=
ac_cv_env_LIBS_set=
ac_cv_env_LIBS_value=
ac_cv_env_build_alias_set=
ac_cv_env_build_alias_value=
ac_cv_env_host_alias_set=
ac_cv_env_host_alias_value=
ac_cv_env_target_alias_set=
ac_cv_env_target_alias_value=
ac_cv_objext=o
ac_cv_path_install='/usr/bin/install -c'
ac_cv_path_mkdir=/usr/bin/mkdir
ac_cv_prog_AWK=mawk
ac_cv_prog_CPP='gcc -E'
ac_cv_prog_ac_ct_CC=gcc
ac_cv_prog_ac_ct_CXX=g++
ac_cv_prog_cc_c89=
ac_cv_prog_cc_g=yes
ac_cv_prog_cxx_g=yes
ac_cv_prog_make_make_set=yes
am_cv_CC_dependencies_compiler_type=gcc3
am_cv_CXX_dependencies_compiler_type=gcc3

## ----------------- ##
## Output variables. ##
## ----------------- ##

ACLOCAL='${SHELL} /home/raspberrypi/Works/netcwmp-master/build/missing --run aclocal-1.11'
ALLOCA=''
AMDEPBACKSLASH='\'
AMDEP_FALSE='#'
AMDEP_TRUE=''
AMTAR='${SHELL} /home/raspberrypi/Works/netcwmp-master/build/missing --run tar'
AR=''
AUTOCONF='${SHELL} /home/raspberrypi/Works/netcwmp-master/build/missing --run autoconf'
AUTOHEADER='${SHELL} /home/raspberrypi/Works/netcwmp-master/build/missing --run autoheader'
AUTOMAKE='${SHELL} /home/raspberrypi/Works/netcwmp-master/build/missing --run automake-1.11'
AWK='mawk'
BUILD_CPU=''
BUILD_OS=''
BUILD_VENDOR=''
CC='gcc'
CCDEPMODE='depmode=gcc3'
CFLAGS='-g -O2'
COMPILE_FOR_MIPS_FALSE=''
COMPILE_FOR_MIPS_TRUE=''
CPP='gcc -E'
CPPFLAGS=''
CXX='g++'
CXXCPP=''
CXXDEPMODE='depmode=gcc3'
CXXFLAGS='-g -O2'
CYGPATH_W='echo'
DEFS=''
DEPDIR='.deps'
DSYMUTIL=''
ECHO='echo'
ECHO_C=''
ECHO_N='-n'
ECHO_T=''
EGREP=''
EXEEXT=''
F77=''
FFLAGS=''
GREP=''
HOST_CPU=''
HOST_OS=''
HOST_VENDOR=''
INSTALL_DATA='${INSTALL} -m 644'
INSTALL_PROGRAM='${INSTALL}'
INSTALL_SCRIPT='${INSTALL}'
INSTALL_STRIP_PROGRAM='$(install_sh) -c -s'
LDFLAGS=''
LIBOBJS=''
LIBS=''
LIBTOOL=''
LN_S=''
LTLIBOBJS=''
MAKEINFO='${SHELL} /home/raspberrypi/Works/netcwmp-master/build/missing --run makeinfo'
MKDIR_P='/usr/bin/mkdir -p'
NMEDIT=''
OBJEXT='o'
OPENSSL_DIR=''
PACKAGE='library'
PACKAGE_BUGREPORT='support@itibia.com'
PACKAGE_NAME='library'
PACKAGE_STRING='library 1.0'
PACKAGE_TARNAME='library'
PACKAGE_URL=''
PACKAGE_VERSION='1.0'
PATH_SEPARATOR=':'
RANLIB=''
SED=''
SET_MAKE=''
SHELL='/bin/bash'
STRIP=''
VERSION='1.0'
ac_ct_CC='gcc'
ac_ct_CXX='g++'
ac_ct_F77=''
am__EXEEXT_FALSE=''
am__EXEEXT_TRUE=''
am__fastdepCC_FALSE='#'
am__fastdepCC_TRUE=''
am__fastdepCXX_FALSE='#'
am__fastdepCXX_TRUE=''
am__include='include'
am__isrc=''
am__leading_dot='.'
am__quote=''
am__tar='${AMTAR} chof - "$$tardir"'
am__untar='${AMTAR} xf -'
bindir='${exec_prefix}/bin'
build=''
build_alias=''
build_cpu=''
build_os=''
build_vendor=''
datadir='${datarootdir}'
datarootdir='${prefix}/share'
docdir='${datarootdir}/doc/${PACKAGE_TARNAME}'
dvidir='${docdir}'
exec_prefix='NONE'
host=''
host_alias=''
host_cpu=''
host_os=''
host_vendor=''
htmldir='${docdir}'
includedir='${prefix}/include'
infodir='${datarootdir}/info'
install_sh='${SHELL} /home/raspberrypi/Works/netcwmp-master/build/install-sh'
libdir='${exec_prefix}/lib'
libexecdir='${exec_prefix}/libexec'
localedir='${datarootdir}/locale'
localstatedir='${prefix}/var'
mandir='${datarootdir}/man'
mkdir_p='/usr/bin/mkdir -p'
oldincludedir='/usr/include'
pdfdir='${docdir}'
prefix='NONE'
program_transform_name='s,x,x,'
psdir='${docdir}'
sbindir='${exec_prefix}/sbin'
sharedstatedir='${prefix}/com'
sysconfdir='${prefix}/etc'
target_alias=''

## ----------- ##
## confdefs.h. ##
## ----------- ##

/* confdefs.h */
#define PACKAGE_NAME "library"
#define PACKAGE_TARNAME "library"
#define PACKAGE_VERSION "1.0"
#define PACKAGE_STRING "library 1.0"
#define PACKAGE_BUGREPORT "support@itibia.com"
#define PACKAGE_URL ""
#define PACKAGE "library"
#define VERSION "1.0"

configure: exit 1
